[35m[1mConsolidate compiler generated dependencies of target can_plugins2__rosidl_generator_c[0m
[  3%] Built target can_plugins2__cpp
[ 12%] Built target can_plugins2__rosidl_generator_c
[35m[1mConsolidate compiler generated dependencies of target can_plugins2__rosidl_typesupport_fastrtps_cpp[0m
[ 12%] Built target ament_cmake_python_copy_can_plugins2
[35m[1mConsolidate compiler generated dependencies of target can_plugins2__rosidl_typesupport_cpp[0m
[ 21%] Built target can_plugins2__rosidl_typesupport_fastrtps_cpp
[35m[1mConsolidate compiler generated dependencies of target can_plugins2__rosidl_typesupport_introspection_cpp[0m
[ 30%] Built target can_plugins2__rosidl_typesupport_cpp
[ 39%] Built target can_plugins2__rosidl_typesupport_introspection_cpp
[35m[1mConsolidate compiler generated dependencies of target can_plugins2__rosidl_typesupport_fastrtps_c[0m
[35m[1mConsolidate compiler generated dependencies of target can_plugins2__rosidl_typesupport_introspection_c[0m
[ 48%] Built target can_plugins2__rosidl_typesupport_introspection_c
[35m[1mConsolidate compiler generated dependencies of target can_plugins2__rosidl_typesupport_c[0m
[ 57%] Built target can_plugins2__rosidl_typesupport_fastrtps_c
[ 66%] Built target can_plugins2__rosidl_typesupport_c
[35m[1mConsolidate compiler generated dependencies of target slcan_bridge[0m
[ 66%] Built target can_plugins2
[ 69%] [32mBuilding CXX object CMakeFiles/slcan_bridge.dir/src/slcan_bridge.cpp.o[0m
[01m[K/home/yumasgmt/ros2_ws/src/can_plugins2/src/slcan_bridge.cpp:1:10:[m[K [01;31m[Kfatal error: [m[Kslcan_bridge.hpp: No such file or directory
    1 | #include [01;31m[K"slcan_bridge.hpp"[m[K
      |          [01;31m[K^~~~~~~~~~~~~~~~~~[m[K
compilation terminated.
gmake[2]: *** [CMakeFiles/slcan_bridge.dir/build.make:76: CMakeFiles/slcan_bridge.dir/src/slcan_bridge.cpp.o] Error 1
gmake[1]: *** [CMakeFiles/Makefile2:593: CMakeFiles/slcan_bridge.dir/all] Error 2
gmake[1]: *** Waiting for unfinished jobs....
[ 72%] Built target can_plugins2__py
running egg_info
writing can_plugins2.egg-info/PKG-INFO
writing dependency_links to can_plugins2.egg-info/dependency_links.txt
writing top-level names to can_plugins2.egg-info/top_level.txt
reading manifest file 'can_plugins2.egg-info/SOURCES.txt'
writing manifest file 'can_plugins2.egg-info/SOURCES.txt'
[ 72%] Built target ament_cmake_python_build_can_plugins2_egg
gmake: *** [Makefile:146: all] Error 2
